Arguments: 
  /usr/bin/node /usr/share/yarn/bin/yarn.js

PATH: 
  /home/lalo/anaconda3/condabin:/home/lalo/.local/bin:/usr/local/sbin:/usr/local/bin:/usr/sbin:/usr/bin:/sbin:/bin:/usr/games:/usr/local/games:/snap/bin:/usr/local/go/bin

Yarn version: 
  1.17.3

Node version: 
  8.10.0

Platform: 
  linux x64

Trace: 
  Error: https://registry.yarnpkg.com/@hapi/topo/-/topo-3.1.3.tgz: Request failed "500 Internal Server Error"
      at ResponseError.ExtendableBuiltin (/usr/share/yarn/lib/cli.js:696:66)
      at new ResponseError (/usr/share/yarn/lib/cli.js:802:124)
      at Request.<anonymous> (/usr/share/yarn/lib/cli.js:66900:16)
      at emitOne (events.js:116:13)
      at Request.emit (events.js:211:7)
      at Request.module.exports.Request.onRequestResponse (/usr/share/yarn/lib/cli.js:141341:10)
      at emitOne (events.js:116:13)
      at ClientRequest.emit (events.js:211:7)
      at HTTPParser.parserOnIncomingClient (_http_client.js:551:21)
      at HTTPParser.parserOnHeadersComplete (_http_common.js:115:23)

npm manifest: 
  {
    "name": "db_plus",
    "version": "0.1.0",
    "private": true,
    "scripts": {
      "serve": "vue-cli-service serve",
      "build": "vue-cli-service build",
      "lint": "vue-cli-service lint"
    },
    "dependencies": {
      "babel-eslint": "^10.0.1",
      "blueimp-md5": "^2.10.0",
      "chartist": "0.11.0",
      "node-sass": "^4.9.3",
      "sass-loader": "^7.1.0",
      "vue": "^2.6.10",
      "vue-chartist": "^2.1.2",
      "vue-meta": "^1.6.0",
      "vuetify": "^1.5.14"
    },
    "devDependencies": {
      "@mdi/font": "^2.5.94",
      "@vue/cli-plugin-babel": "^3.5.3",
      "@vue/cli-plugin-eslint": "^3.0.1",
      "@vue/cli-service": "^3.5.3",
      "@vue/eslint-config-standard": "^3.0.1",
      "axios": "^0.18.0",
      "eslint": "^5.16.0",
      "eslint-plugin-node": "^8.0.1",
      "eslint-plugin-promise": "^4.0.1",
      "eslint-plugin-standard": "^4.0.0",
      "eslint-plugin-vue": "^5.2.2",
      "material-design-icons-iconfont": "^3.0.3",
      "stylus": "^0.54.5",
      "stylus-loader": "^3.0.1",
      "vue-analytics": "^5.8.0",
      "vue-i18n": "^7.4.0",
      "vue-router": "^3.0.1",
      "vue-template-compiler": "^2.6.10",
      "vuex": "^3.0.1",
      "vuex-router-sync": "^5.0.0"
    },
    "eslintConfig": {
      "root": true,
      "env": {
        "node": true
      },
      "extends": [
        "plugin:vue/essential",
        "eslint:recommended"
      ],
      "rules": {
        "no-console": "off"
      },
      "parserOptions": {
        "parser": "babel-eslint"
      }
    },
    "postcss": {
      "plugins": {
        "autoprefixer": {}
      }
    },
    "browserslist": [
      "> 1%",
      "last 2 versions",
      "not ie <= 8"
    ]
  }

yarn manifest: 
  No manifest

Lockfile: 
  No lockfile
